<?xml version="1.0" encoding="UTF-8"?>
<testng-results ignored="0" total="2" passed="2" failed="0" skipped="0">
  <reporter-output>
  </reporter-output>
  <suite started-at="2021-05-10T11:56:36 IST" name="Suite" finished-at="2021-05-10T11:57:04 IST" duration-ms="27648">
    <groups>
    </groups>
    <test started-at="2021-05-10T11:56:36 IST" name="TestpageobjectmodelpagefactoriesSignin" finished-at="2021-05-10T11:56:55 IST" duration-ms="18423">
      <class name="TestCases.SignInTest">
        <test-method is-config="true" signature="Init()[pri:0, instance:TestCases.SignInTest@4f209819]" started-at="2021-05-10T11:56:37 IST" name="Init" finished-at="2021-05-10T11:56:50 IST" duration-ms="13530" status="PASS">
          <reporter-output>
          </reporter-output>
        </test-method> <!-- Init -->
        <test-method signature="signInTest()[pri:0, instance:TestCases.SignInTest@4f209819]" started-at="2021-05-10T11:56:50 IST" name="signInTest" finished-at="2021-05-10T11:56:54 IST" duration-ms="3994" status="PASS">
          <reporter-output>
          </reporter-output>
        </test-method> <!-- signInTest -->
        <test-method is-config="true" signature="tearDown()[pri:0, instance:TestCases.SignInTest@4f209819]" started-at="2021-05-10T11:56:54 IST" name="tearDown" finished-at="2021-05-10T11:56:55 IST" duration-ms="679" status="PASS">
          <reporter-output>
          </reporter-output>
        </test-method> <!-- tearDown -->
      </class> <!-- TestCases.SignInTest -->
    </test> <!-- TestpageobjectmodelpagefactoriesSignin -->
    <test started-at="2021-05-10T11:56:55 IST" name="Testpageobjectmodelpagefactorieshome" finished-at="2021-05-10T11:57:04 IST" duration-ms="8920">
      <class name="TestCases.HomeTest">
        <test-method is-config="true" signature="Init()[pri:0, instance:TestCases.HomeTest@498d318c]" started-at="2021-05-10T11:56:55 IST" name="Init" finished-at="2021-05-10T11:57:01 IST" duration-ms="5421" status="PASS">
          <reporter-output>
          </reporter-output>
        </test-method> <!-- Init -->
        <test-method signature="homeTest()[pri:0, instance:TestCases.HomeTest@498d318c]" started-at="2021-05-10T11:57:01 IST" name="homeTest" finished-at="2021-05-10T11:57:03 IST" duration-ms="2271" status="PASS">
          <reporter-output>
          </reporter-output>
        </test-method> <!-- homeTest -->
        <test-method is-config="true" signature="tearDown()[pri:0, instance:TestCases.HomeTest@498d318c]" started-at="2021-05-10T11:57:03 IST" name="tearDown" finished-at="2021-05-10T11:57:04 IST" duration-ms="1225" status="PASS">
          <reporter-output>
          </reporter-output>
        </test-method> <!-- tearDown -->
      </class> <!-- TestCases.HomeTest -->
    </test> <!-- Testpageobjectmodelpagefactorieshome -->
  </suite> <!-- Suite -->
</testng-results>
